  raudio.c
C:\Users\patea\OneDrive\Documents\C++\PongWindows\raylib-master\src\external\jar_xm.h(130,53): warning C4244: '=' : conversion de 'float' en 'short', perte possible de données
C:\Users\patea\OneDrive\Documents\C++\PongWindows\raylib-master\src\external\jar_xm.h(143,53): warning C4244: '=' : conversion de 'float' en 'char', perte possible de données
C:\Users\patea\OneDrive\Documents\C++\PongWindows\raylib-master\src\external\jar_xm.h(242,1): warning C4005: 'DEBUG' : redéfinition de macro
C:\Users\patea\OneDrive\Documents\C++\PongWindows\raylib-master\src\raudio.c : message : voir la définition précédente de 'DEBUG'
C:\Users\patea\OneDrive\Documents\C++\PongWindows\raylib-master\src\external\jar_xm.h(1238,47): warning C4244: '=' : conversion de 'uint16_t' en 'uint8_t', perte possible de données
C:\Users\patea\OneDrive\Documents\C++\PongWindows\raylib-master\src\external\jar_xm.h(1254,28): warning C4244: 'initialisation' : conversion de 'float' en 'unsigned int', perte possible de données
C:\Users\patea\OneDrive\Documents\C++\PongWindows\raylib-master\src\external\jar_xm.h(1256,33): warning C4244: 'initialisation' : conversion de 'float' en 'int8_t', perte possible de données
C:\Users\patea\OneDrive\Documents\C++\PongWindows\raylib-master\src\external\jar_xm.h(1417,43): warning C4244: '=' : conversion de 'uint32_t' en 'float', perte possible de données
C:\Users\patea\OneDrive\Documents\C++\PongWindows\raylib-master\src\external\jar_xm.h(1424,53): warning C4244: '=' : conversion de 'uint32_t' en 'float', perte possible de données
C:\Users\patea\OneDrive\Documents\C++\PongWindows\raylib-master\src\external\jar_xm.h(1426,43): warning C4244: '=' : conversion de 'uint32_t' en 'float', perte possible de données
C:\Users\patea\OneDrive\Documents\C++\PongWindows\raylib-master\src\external\jar_xm.h(1437,43): warning C4244: '=' : conversion de 'uint32_t' en 'float', perte possible de données
C:\Users\patea\OneDrive\Documents\C++\PongWindows\raylib-master\src\external\jar_xm.h(1464,41): warning C4244: 'fonction' : conversion de 'int' en 'float', perte possible de données
C:\Users\patea\OneDrive\Documents\C++\PongWindows\raylib-master\src\external\jar_xm.h(1824,41): warning C4244: 'fonction' : conversion de 'int' en 'float', perte possible de données
C:\Users\patea\OneDrive\Documents\C++\PongWindows\raylib-master\src\external\jar_xm.h(1933,31): warning C4244: '=' : conversion de 'double' en 'float', perte possible de données
C:\Users\patea\OneDrive\Documents\C++\PongWindows\raylib-master\src\external\jar_xm.h(1990,33): warning C4244: '=' : conversion de 'float' en 'uint32_t', perte possible de données
C:\Users\patea\OneDrive\Documents\C++\PongWindows\raylib-master\src\external\jar_xm.h(2029,45): warning C4244: '=' : conversion de 'uint32_t' en 'float', perte possible de données
C:\Users\patea\OneDrive\Documents\C++\PongWindows\raylib-master\src\external\jar_xm.h(2162,21): warning C4244: '+=' : conversion de 'float' en 'uint64_t', perte possible de données
C:\Users\patea\OneDrive\Documents\C++\PongWindows\raylib-master\src\external\jar_xm.h(2322,38): warning C4244: 'initialisation' : conversion de 'double' en 'int', perte possible de données
  rcore.c
C:\Users\patea\OneDrive\Documents\C++\PongWindows\raylib-master\src\rcore.c(2053,84): warning C4244: 'fonction' : conversion de 'float' en 'int', perte possible de données
C:\Users\patea\OneDrive\Documents\C++\PongWindows\raylib-master\src\rcore.c(2053,119): warning C4244: 'fonction' : conversion de 'float' en 'int', perte possible de données
C:\Users\patea\OneDrive\Documents\C++\PongWindows\raylib-master\src\rcore.c(2054,90): warning C4244: 'fonction' : conversion de 'float' en 'int', perte possible de données
C:\Users\patea\OneDrive\Documents\C++\PongWindows\raylib-master\src\rcore.c(2777,73): warning C4244: 'fonction' : conversion de 'float' en 'int', perte possible de données
C:\Users\patea\OneDrive\Documents\C++\PongWindows\raylib-master\src\rcore.c(2777,108): warning C4244: 'fonction' : conversion de 'float' en 'int', perte possible de données
C:\Users\patea\OneDrive\Documents\C++\PongWindows\raylib-master\src\rcore.c(2778,54): warning C4244: 'initialisation' : conversion de 'float' en 'int', perte possible de données
C:\Users\patea\OneDrive\Documents\C++\PongWindows\raylib-master\src\rcore.c(2778,89): warning C4244: 'initialisation' : conversion de 'float' en 'int', perte possible de données
C:\Users\patea\OneDrive\Documents\C++\PongWindows\raylib-master\src\rcore.c(5287,66): warning C4244: 'fonction' : conversion de 'float' en 'int', perte possible de données
C:\Users\patea\OneDrive\Documents\C++\PongWindows\raylib-master\src\rcore.c(5287,101): warning C4244: 'fonction' : conversion de 'float' en 'int', perte possible de données
  rglfw.c
  rmodels.c
C:\Users\patea\OneDrive\Documents\C++\PongWindows\raylib-master\src\external\par_shapes.h(225,56): warning C4305: 'initialisation' : troncation de 'double' à 'float'
C:\Users\patea\OneDrive\Documents\C++\PongWindows\raylib-master\src\external\par_shapes.h(226,60): warning C4305: 'initialisation' : troncation de 'double' à 'float'
C:\Users\patea\OneDrive\Documents\C++\PongWindows\raylib-master\src\external\par_shapes.h(294,22): warning C4244: 'initialisation' : conversion de 'double' en 'float', perte possible de données
C:\Users\patea\OneDrive\Documents\C++\PongWindows\raylib-master\src\external\par_shapes.h(574,23): warning C4244: 'initialisation' : conversion de 'double' en 'float', perte possible de données
C:\Users\patea\OneDrive\Documents\C++\PongWindows\raylib-master\src\external\par_shapes.h(575,29): warning C4244: 'initialisation' : conversion de 'double' en 'float', perte possible de données
C:\Users\patea\OneDrive\Documents\C++\PongWindows\raylib-master\src\external\par_shapes.h(583,23): warning C4244: 'initialisation' : conversion de 'double' en 'float', perte possible de données
C:\Users\patea\OneDrive\Documents\C++\PongWindows\raylib-master\src\external\par_shapes.h(584,25): warning C4244: 'initialisation' : conversion de 'double' en 'float', perte possible de données
C:\Users\patea\OneDrive\Documents\C++\PongWindows\raylib-master\src\external\par_shapes.h(608,20): warning C4244: 'fonction' : conversion de 'double' en 'float', perte possible de données
C:\Users\patea\OneDrive\Documents\C++\PongWindows\raylib-master\src\external\par_shapes.h(599,21): warning C4244: 'initialisation' : conversion de 'double' en 'float', perte possible de données
C:\Users\patea\OneDrive\Documents\C++\PongWindows\raylib-master\src\external\par_shapes.h(600,25): warning C4244: 'initialisation' : conversion de 'double' en 'float', perte possible de données
C:\Users\patea\OneDrive\Documents\C++\PongWindows\raylib-master\src\external\par_shapes.h(616,29): warning C4244: 'initialisation' : conversion de 'double' en 'float', perte possible de données
C:\Users\patea\OneDrive\Documents\C++\PongWindows\raylib-master\src\external\par_shapes.h(625,29): warning C4244: 'initialisation' : conversion de 'double' en 'float', perte possible de données
C:\Users\patea\OneDrive\Documents\C++\PongWindows\raylib-master\src\external\par_shapes.h(635,29): warning C4244: 'initialisation' : conversion de 'double' en 'float', perte possible de données
C:\Users\patea\OneDrive\Documents\C++\PongWindows\raylib-master\src\external\par_shapes.h(636,27): warning C4244: 'initialisation' : conversion de 'double' en 'float', perte possible de données
C:\Users\patea\OneDrive\Documents\C++\PongWindows\raylib-master\src\external\par_shapes.h(658,44): warning C4244: '=' : conversion de 'double' en 'float', perte possible de données
C:\Users\patea\OneDrive\Documents\C++\PongWindows\raylib-master\src\external\par_shapes.h(660,44): warning C4244: '=' : conversion de 'double' en 'float', perte possible de données
C:\Users\patea\OneDrive\Documents\C++\PongWindows\raylib-master\src\external\par_shapes.h(661,21): warning C4244: '=' : conversion de 'double' en 'float', perte possible de données
C:\Users\patea\OneDrive\Documents\C++\PongWindows\raylib-master\src\external\par_shapes.h(667,16): warning C4244: '=' : conversion de 'double' en 'float', perte possible de données
C:\Users\patea\OneDrive\Documents\C++\PongWindows\raylib-master\src\external\par_shapes.h(668,16): warning C4244: '=' : conversion de 'double' en 'float', perte possible de données
C:\Users\patea\OneDrive\Documents\C++\PongWindows\raylib-master\src\external\par_shapes.h(669,16): warning C4244: '=' : conversion de 'double' en 'float', perte possible de données
C:\Users\patea\OneDrive\Documents\C++\PongWindows\raylib-master\src\external\par_shapes.h(650,37): warning C4244: 'initialisation' : conversion de 'double' en 'const float', perte possible de données
C:\Users\patea\OneDrive\Documents\C++\PongWindows\raylib-master\src\external\par_shapes.h(651,31): warning C4244: 'initialisation' : conversion de 'double' en 'const float', perte possible de données
C:\Users\patea\OneDrive\Documents\C++\PongWindows\raylib-master\src\external\par_shapes.h(652,23): warning C4244: 'initialisation' : conversion de 'double' en 'const float', perte possible de données
C:\Users\patea\OneDrive\Documents\C++\PongWindows\raylib-master\src\external\par_shapes.h(653,23): warning C4244: 'initialisation' : conversion de 'double' en 'const float', perte possible de données
C:\Users\patea\OneDrive\Documents\C++\PongWindows\raylib-master\src\external\par_shapes.h(654,23): warning C4244: 'initialisation' : conversion de 'double' en 'const float', perte possible de données
C:\Users\patea\OneDrive\Documents\C++\PongWindows\raylib-master\src\external\par_shapes.h(655,23): warning C4244: 'initialisation' : conversion de 'double' en 'const float', perte possible de données
C:\Users\patea\OneDrive\Documents\C++\PongWindows\raylib-master\src\external\par_shapes.h(727,28): warning C4244: '=' : conversion de 'double' en 'float', perte possible de données
C:\Users\patea\OneDrive\Documents\C++\PongWindows\raylib-master\src\external\par_shapes.h(728,28): warning C4244: '=' : conversion de 'double' en 'float', perte possible de données
C:\Users\patea\OneDrive\Documents\C++\PongWindows\raylib-master\src\external\par_shapes.h(752,33): warning C4244: 'fonction' : conversion de 'double' en 'float', perte possible de données
C:\Users\patea\OneDrive\Documents\C++\PongWindows\raylib-master\src\external\par_shapes.h(726,38): warning C4244: 'initialisation' : conversion de 'double' en 'float', perte possible de données
C:\Users\patea\OneDrive\Documents\C++\PongWindows\raylib-master\src\external\par_shapes.h(835,35): warning C4244: '=' : conversion de 'int' en 'float', perte possible de données
C:\Users\patea\OneDrive\Documents\C++\PongWindows\raylib-master\src\external\par_shapes.h(836,35): warning C4244: '=' : conversion de 'int' en 'float', perte possible de données
C:\Users\patea\OneDrive\Documents\C++\PongWindows\raylib-master\src\external\par_shapes.h(837,35): warning C4244: '=' : conversion de 'int' en 'float', perte possible de données
C:\Users\patea\OneDrive\Documents\C++\PongWindows\raylib-master\src\external\par_shapes.h(883,1): warning C4305: 'initialisation' : troncation de 'double' à 'float'
C:\Users\patea\OneDrive\Documents\C++\PongWindows\raylib-master\src\external\par_shapes.h(931,1): warning C4305: 'initialisation' : troncation de 'double' à 'float'
C:\Users\patea\OneDrive\Documents\C++\PongWindows\raylib-master\src\external\par_shapes.h(1031,1): warning C4305: 'initialisation' : troncation de 'double' à 'float'
C:\Users\patea\OneDrive\Documents\C++\PongWindows\raylib-master\src\external\par_shapes.h(1362,25): warning C4244: '=' : conversion de 'double' en 'float', perte possible de données
C:\Users\patea\OneDrive\Documents\C++\PongWindows\raylib-master\src\external\par_shapes.h(1364,58): warning C4244: 'fonction' : conversion de 'double' en 'float', perte possible de données
C:\Users\patea\OneDrive\Documents\C++\PongWindows\raylib-master\src\external\par_shapes.h(1366,58): warning C4244: 'fonction' : conversion de 'double' en 'float', perte possible de données
C:\Users\patea\OneDrive\Documents\C++\PongWindows\raylib-master\src\external\par_shapes.h(1368,58): warning C4244: 'fonction' : conversion de 'double' en 'float', perte possible de données
C:\Users\patea\OneDrive\Documents\C++\PongWindows\raylib-master\src\external\par_shapes.h(1525,38): warning C4305: 'fonction' : troncation de 'double' à 'float'
C:\Users\patea\OneDrive\Documents\C++\PongWindows\raylib-master\src\external\par_shapes.h(1542,20): warning C4244: '*=' : conversion de 'double' en 'float', perte possible de données
C:\Users\patea\OneDrive\Documents\C++\PongWindows\raylib-master\src\external\par_shapes.h(1543,20): warning C4244: '*=' : conversion de 'double' en 'float', perte possible de données
C:\Users\patea\OneDrive\Documents\C++\PongWindows\raylib-master\src\external\par_shapes.h(1544,20): warning C4244: '*=' : conversion de 'double' en 'float', perte possible de données
C:\Users\patea\OneDrive\Documents\C++\PongWindows\raylib-master\src\external\par_shapes.h(1546,39): warning C4244: '=' : conversion de 'double' en 'float', perte possible de données
C:\Users\patea\OneDrive\Documents\C++\PongWindows\raylib-master\src\external\par_shapes.h(1830,33): warning C4244: 'fonction' : conversion de 'double' en 'float', perte possible de données
C:\Users\patea\OneDrive\Documents\C++\PongWindows\raylib-master\src\external\par_shapes.h(1830,49): warning C4244: 'fonction' : conversion de 'double' en 'float', perte possible de données
C:\Users\patea\OneDrive\Documents\C++\PongWindows\raylib-master\src\external\par_shapes.h(1830,65): warning C4244: 'fonction' : conversion de 'double' en 'float', perte possible de données
C:\Users\patea\OneDrive\Documents\C++\PongWindows\raylib-master\src\external\par_shapes.h(1799,30): warning C4244: 'initialisation' : conversion de 'int' en 'float', perte possible de données
  rshapes.c
  rtext.c
  rtextures.c
C:\Users\patea\OneDrive\Documents\C++\PongWindows\raylib-master\src\external\qoi.h(662,20): warning C4267: '=' : conversion de 'size_t' en 'int', perte possible de données
  utils.c
C:\Users\patea\OneDrive\Documents\C++\PongWindows\raylib-master\src\utils.c(303,23): warning C4018: '<' : incompatibilité signed/unsigned
  Génération de code en cours...
  raylib.vcxproj -> C:\Users\patea\OneDrive\Documents\C++\PongWindows\_bin\Debug\raylib.lib
